//#########################################################

[Session][Log]            dbgsession/dbg 2020-01-07 @ 03.29.21/dedicatedserver.log

[Session][ID]             02f0-7e41-38dd-5414
[Session][Platform]       Linux
[Session][Config]         Release
[Session][Exe]            ./DedicatedServerCmd.elf
[Session][ExeBit]         64
[Session][Date]           07/01/2020
[Session][Time]           03:29:21

[Session][Exe Built]      Unknown
[Session][Machine]        Unknown
[Session][GCC Version]    4.8.2
[Session][Toolset]        x86_64-pc-linux-gnu.GCC.4.8.2
[Session][Title]          

[Session][BuildVer]       
[Session][BuildVerInt]    0
[Session][BuildVerUnmod]  
[Session][BuildVerSimple] 
[Session][BuildVerInject] 
[Session][BuildVerInjSim] 

[Session][BaseVer]        v1.5.946.0

//#########################################################

[03:29:21:024][0x2cb551c0] [Info ] [BLogBase::Init] [Internal] Initialised Log
[03:29:21:030][0x2cb551c0] [Info ] [void NativeLogCallback] [General] Starting up the Dedicated Server Library.
[03:29:21:030][0x2cb551c0] [Info ] [void NativeLogCallback] [General] Server configuration loaded:
- server build version: 1
- protocol version: 64 (1.0.0.64)
- server name: dabes
- max session size: 24
- details: secure, bind IP INADDR_ANY, Steam port 8766, host port 27015, query port 27016, password protected no
- whitelist size: 0
- blacklist size: 0
- lua api: enabled
- http api: enabled listening at 127.0.0.1:9000, 1 extra header(s) defined
- allow empty join: enabled
- game setup control: enabled
- sports play : disabled
[03:29:21:082][0x2cb551c0] [Info ] [void NativeLogCallback] [General] HttpApi started
[03:29:21:092][0x2cb551c0] [Info ] [void NativeLogCallback] [General] Loading LuaApi addon 'sms_base'...
[03:29:21:093][0x2cb551c0] [Info ] [void NativeLogCallback] [General] Loading LuaApi addon 'sms_rotate'...
[03:29:21:093][0x2cb551c0] [ERROR] [void NativeLogCallback] [General] Skipping addon 'sms_rotate' because its dependency 'lib_rotate' is not white listed on the server.
[03:29:21:093][0x2cb551c0] [Info ] [void NativeLogCallback] [General] Loading LuaApi addon 'sms_motd'...
[03:29:21:093][0x2cb551c0] [Info ] [void NativeLogCallback] [General] Loading LuaApi addon 'sms_stats'...
[03:29:21:094][0x2cb551c0] [Info ] [void NativeLogCallback] [General] LuaApi started
[03:29:21:095][0x2cb551c0] [Info ] [void NativeLogCallback] [General] Dedicated server is starting...
[03:29:22:096][0x2cb551c0] [Info ] [void NativeLogCallback] [General] Connection to Steam established
[03:29:22:096][0x2cb551c0] [Info ] [void NativeLogCallback] [General] Received public IP 3.19.223.225
[03:29:22:346][0x2cb551c0] [Info ] [void NativeLogCallback] [General] Server logged in with Steam id 90131711368936452 ; server is secure
[03:29:22:346][0x2cb551c0] [Info ] [void NativeLogCallback] [General] Server startup finished: AppId 378860, public IP 3.19.223.225, Steam id 90131711368936452 ; switching to running state
[03:40:44:218][0x2cb551c0] [Info ] [void NativeLogCallback] [General] Shutting down
[03:40:44:285][0x2cb551c0] [Info ] [BLogBase::Term] [Internal] Terminating Log
