//#########################################################

[Session][Log]            dbgsession/dbg 2020-01-07 @ 04.14.35/online.log

[Session][ID]             02f0-7e41-390e-8fb8
[Session][Platform]       Linux
[Session][Config]         Release
[Session][Exe]            ./DedicatedServerCmd.elf
[Session][ExeBit]         64
[Session][Date]           07/01/2020
[Session][Time]           04:14:35

[Session][Exe Built]      Unknown
[Session][Machine]        Unknown
[Session][GCC Version]    4.8.2
[Session][Toolset]        x86_64-pc-linux-gnu.GCC.4.8.2
[Session][Title]          Unknown Base Derived App

[Session][BuildVer]       0.0.0.0
[Session][BuildVerInt]    0
[Session][BuildVerUnmod]  
[Session][BuildVerSimple] 
[Session][BuildVerInject] 
[Session][BuildVerInjSim] 

[Session][BaseVer]        v1.5.946.0

//#########################################################

[04:14:35:956][0x467131c0] [Info ] [BLogBase::Init] [Internal] Initialised Log
[04:14:35:956][0x467131c0] [Info ] [Net_OneSock_Tech::InitNetworkSys] [OneSock] Linux Network Initialized
[04:14:35:962][0x467131c0] [Info ] [Net_OneSock::InitNet_OneSockThread] [OneSock] Net_OneSockThread Created and Started Successfully
