//#########################################################

[Session][Log]            dbgsession/dbg 2020-01-07 @ 02.19.30/dedicatedserver.log

[Session][ID]             02f0-7e41-3893-793f
[Session][Platform]       Linux
[Session][Config]         Release
[Session][Exe]            ./DedicatedServerCmd.elf
[Session][ExeBit]         64
[Session][Date]           07/01/2020
[Session][Time]           02:19:30

[Session][Exe Built]      Unknown
[Session][Machine]        Unknown
[Session][GCC Version]    4.8.2
[Session][Toolset]        x86_64-pc-linux-gnu.GCC.4.8.2
[Session][Title]          

[Session][BuildVer]       
[Session][BuildVerInt]    0
[Session][BuildVerUnmod]  
[Session][BuildVerSimple] 
[Session][BuildVerInject] 
[Session][BuildVerInjSim] 

[Session][BaseVer]        v1.5.946.0

//#########################################################

[02:19:30:322][0x6b10d1c0] [Info ] [BLogBase::Init] [Internal] Initialised Log
[02:19:30:327][0x6b10d1c0] [Info ] [void NativeLogCallback] [General] Starting up the Dedicated Server Library.
[02:19:30:327][0x6b10d1c0] [Warn ] [void NativeLogCallback] [General] Failed to read data from file 'server.cfg'
[02:19:30:327][0x6b10d1c0] [Warn ] [void NativeLogCallback] [General] Failed to read server config, using the defaults
[02:19:30:327][0x6b10d1c0] [Info ] [void NativeLogCallback] [General] Server configuration loaded:
- server build version: 1
- protocol version: 64 (1.0.0.64)
- server name: Unconfigured local testing server
- max session size: 64
- details: secure, bind IP INADDR_ANY, Steam port 8766, host port 27015, query port 27016, password protected no
- whitelist size: 0
- blacklist size: 0
- lua api: disabled
- http api: disabled
- allow empty join: disabled
- game setup control: disabled
- sports play : disabled
[02:19:30:375][0x6b10d1c0] [Info ] [void NativeLogCallback] [General] HttpApi disabled
[02:19:30:375][0x6b10d1c0] [Info ] [void NativeLogCallback] [General] LuaApi disabled
[02:19:30:375][0x6b10d1c0] [Info ] [void NativeLogCallback] [General] Dedicated server is starting...
[02:19:31:279][0x6b10d1c0] [Info ] [void NativeLogCallback] [General] Connection to Steam established
[02:19:31:279][0x6b10d1c0] [Info ] [void NativeLogCallback] [General] Received public IP 3.19.223.225
[02:19:31:480][0x6b10d1c0] [Info ] [void NativeLogCallback] [General] Server logged in with Steam id 90131710243178496 ; server is secure
[02:19:31:480][0x6b10d1c0] [Info ] [void NativeLogCallback] [General] Server startup finished: AppId 378860, public IP 3.19.223.225, Steam id 90131710243178496 ; switching to running state
[02:20:24:461][0x6b10d1c0] [Info ] [void NativeLogCallback] [General] Shutting down
[02:20:24:575][0x6b10d1c0] [Info ] [BLogBase::Term] [Internal] Terminating Log
