//#########################################################

[Session][Log]            dbgsession/dbg 2020-01-12 @ 16.34.37/session.log

[Session][ID]             02f0-7e41-6422-94b6
[Session][Platform]       Linux
[Session][Config]         Release
[Session][Exe]            ./DedicatedServerCmd.elf
[Session][ExeBit]         64
[Session][Date]           12/01/2020
[Session][Time]           16:34:37

[Session][Exe Built]      Unknown
[Session][Machine]        Unknown
[Session][GCC Version]    4.8.2
[Session][Toolset]        x86_64-pc-linux-gnu.GCC.4.8.2
[Session][Title]          

[Session][BuildVer]       
[Session][BuildVerInt]    0
[Session][BuildVerUnmod]  
[Session][BuildVerSimple] 
[Session][BuildVerInject] 
[Session][BuildVerInjSim] 

[Session][BaseVer]        v1.5.946.0

//#########################################################

[Session][BMemPool]       [Create] System - 16.00MB
[Session][BMemPool]       [Create] Base - 16.00MB
[Session][Thread]         [Create] 0x50ca01c0 - Main Thread
[16:34:37:185][0x50ca01c0] [Info ] [BLogBase::Init] [Internal] Initialised Log
[Session][Thread]         [Create] 0x4d19f700 - Net_OneSockThread
