//#########################################################

[Session][Log]            dbgsession/dbg 2020-01-07 @ 03.47.23/dedicatedserver.log

[Session][ID]             02f0-7e41-38ef-5dc9
[Session][Platform]       Linux
[Session][Config]         Release
[Session][Exe]            ./DedicatedServerCmd.elf
[Session][ExeBit]         64
[Session][Date]           07/01/2020
[Session][Time]           03:47:23

[Session][Exe Built]      Unknown
[Session][Machine]        Unknown
[Session][GCC Version]    4.8.2
[Session][Toolset]        x86_64-pc-linux-gnu.GCC.4.8.2
[Session][Title]          

[Session][BuildVer]       
[Session][BuildVerInt]    0
[Session][BuildVerUnmod]  
[Session][BuildVerSimple] 
[Session][BuildVerInject] 
[Session][BuildVerInjSim] 

[Session][BaseVer]        v1.5.946.0

//#########################################################

[03:47:23:459][0xd21f41c0] [Info ] [BLogBase::Init] [Internal] Initialised Log
[03:47:23:466][0xd21f41c0] [Info ] [void NativeLogCallback] [General] Starting up the Dedicated Server Library.
[03:47:23:466][0xd21f41c0] [Info ] [void NativeLogCallback] [General] Server configuration loaded:
- server build version: 1
- protocol version: 64 (1.0.0.64)
- server name: dabes
- max session size: 24
- details: secure, bind IP 3.19.223.255, Steam port 8776, host port 27025, query port 27026, password protected no
- whitelist size: 0
- blacklist size: 0
- lua api: enabled
- http api: enabled listening at 127.0.0.1:9000, 1 extra header(s) defined
- allow empty join: enabled
- game setup control: enabled
- sports play : disabled
[03:47:23:512][0xd21f41c0] [ERROR] [void NativeLogCallback] [General] SteamGameServer_Init failed
[03:47:23:512][0xd21f41c0] [ERROR] [void NativeLogCallback] [General] Dedicated Server startup failed
[03:47:23:512][0xd21f41c0] [Info ] [BLogBase::Term] [Internal] Terminating Log
