//#########################################################

[Session][Log]            dbgsession/dbg 2020-01-07 @ 04.34.22/dedicatedserver.log

[Session][ID]             02f0-7e41-3922-5a81
[Session][Platform]       Linux
[Session][Config]         Release
[Session][Exe]            ./DedicatedServerCmd.elf
[Session][ExeBit]         64
[Session][Date]           07/01/2020
[Session][Time]           04:34:22

[Session][Exe Built]      Unknown
[Session][Machine]        Unknown
[Session][GCC Version]    4.8.2
[Session][Toolset]        x86_64-pc-linux-gnu.GCC.4.8.2
[Session][Title]          

[Session][BuildVer]       
[Session][BuildVerInt]    0
[Session][BuildVerUnmod]  
[Session][BuildVerSimple] 
[Session][BuildVerInject] 
[Session][BuildVerInjSim] 

[Session][BaseVer]        v1.5.946.0

//#########################################################

[04:34:22:644][0x6d8f61c0] [Info ] [BLogBase::Init] [Internal] Initialised Log
[04:34:22:650][0x6d8f61c0] [Info ] [void NativeLogCallback] [General] Starting up the Dedicated Server Library.
[04:34:22:650][0x6d8f61c0] [Info ] [void NativeLogCallback] [General] Server configuration loaded:
- server build version: 1
- protocol version: 64 (1.0.0.64)
- server name: The GT Club - Fun and Competitive GT3 Racing
- max session size: 64
- details: secure, bind IP INADDR_ANY, Steam port 8766, host port 27015, query port 27016, password protected no
- whitelist size: 0
- blacklist size: 0
- lua api: enabled
- http api: enabled listening at 127.0.0.1:9000, 1 extra header(s) defined
- allow empty join: enabled
- game setup control: enabled
- sports play : disabled
[04:34:22:697][0x6d8f61c0] [Info ] [void NativeLogCallback] [General] HttpApi started
[04:34:22:707][0x6d8f61c0] [Info ] [void NativeLogCallback] [General] Loading LuaApi addon 'sms_base'...
[04:34:22:708][0x6d8f61c0] [Info ] [void NativeLogCallback] [General] Loading LuaApi addon 'sms_rotate'...
[04:34:22:708][0x6d8f61c0] [Info ] [void NativeLogCallback] [General] Loading LuaApi addon 'lib_rotate'...
[04:34:22:709][0x6d8f61c0] [Info ] [void NativeLogCallback] [General] Loading LuaApi addon 'sms_motd'...
[04:34:22:709][0x6d8f61c0] [Info ] [void NativeLogCallback] [General] Loading LuaApi addon 'sms_stats'...
[04:34:22:712][0x6d8f61c0] [Info ] [void NativeLogCallback] [General] LuaApi started
[04:34:22:712][0x6d8f61c0] [Info ] [void NativeLogCallback] [General] Dedicated server is starting...
[04:34:23:316][0x6d8f61c0] [Info ] [void NativeLogCallback] [General] Connection to Steam established
[04:34:23:316][0x6d8f61c0] [Info ] [void NativeLogCallback] [General] Received public IP 3.19.223.225
[04:34:23:467][0x6d8f61c0] [Info ] [void NativeLogCallback] [General] Server logged in with Steam id 90131711899116552 ; server is secure
[04:34:23:467][0x6d8f61c0] [Info ] [void NativeLogCallback] [General] Server startup finished: AppId 378860, public IP 3.19.223.225, Steam id 90131711899116552 ; switching to running state
[04:34:23:467][0x6d8f61c0] [Info ] [void NativeLogCallback] [General] Saving persistent data for addon 'sms_rotate' into 'lua_config/sms_rotate_data.json'
[04:46:42:023][0x6d8f61c0] [Info ] [void NativeLogCallback] [General] Shutting down
[04:46:42:171][0x6d8f61c0] [Info ] [BLogBase::Term] [Internal] Terminating Log
