//#########################################################

[Session][Log]            dbgsession/dbg 2020-01-07 @ 02.12.12/dedicatedserver.log

[Session][ID]             02f0-7e41-388c-315b
[Session][Platform]       Linux
[Session][Config]         Release
[Session][Exe]            ./DedicatedServerCmd.elf
[Session][ExeBit]         64
[Session][Date]           07/01/2020
[Session][Time]           02:12:12

[Session][Exe Built]      Unknown
[Session][Machine]        Unknown
[Session][GCC Version]    4.8.2
[Session][Toolset]        x86_64-pc-linux-gnu.GCC.4.8.2
[Session][Title]          

[Session][BuildVer]       
[Session][BuildVerInt]    0
[Session][BuildVerUnmod]  
[Session][BuildVerSimple] 
[Session][BuildVerInject] 
[Session][BuildVerInjSim] 

[Session][BaseVer]        v1.5.946.0

//#########################################################

[02:12:12:350][0x854c21c0] [Info ] [BLogBase::Init] [Internal] Initialised Log
[02:12:12:357][0x854c21c0] [Info ] [void NativeLogCallback] [General] Starting up the Dedicated Server Library.
[02:12:12:358][0x854c21c0] [Info ] [void NativeLogCallback] [General] Server configuration loaded:
- server build version: 1
- protocol version: 64 (1.0.0.64)
- server name: TESTING DABBER REEEEEEEEEEEEEEEEEEE
- max session size: 64
- details: secure, bind IP INADDR_ANY, Steam port 8766, host port 27015, query port 27016, password protected no
- whitelist size: 0
- blacklist size: 0
- lua api: enabled
- http api: disabled
- allow empty join: enabled
- game setup control: disabled
- sports play : disabled
[02:12:12:405][0x854c21c0] [Info ] [void NativeLogCallback] [General] HttpApi disabled
[02:12:12:415][0x854c21c0] [Info ] [void NativeLogCallback] [General] Loading LuaApi addon 'sms_base'...
[02:12:12:415][0x854c21c0] [Info ] [void NativeLogCallback] [General] Addon 'sms_base' does not have customized config available. Copying default config over to 'lua_config/sms_base_config.json', check it out to customize the addon if needed.
[02:12:12:416][0x854c21c0] [Info ] [void NativeLogCallback] [General] Loading LuaApi addon 'sms_rotate'...
[02:12:12:416][0x854c21c0] [Info ] [void NativeLogCallback] [General] Loading LuaApi addon 'lib_rotate'...
[02:12:12:416][0x854c21c0] [Info ] [void NativeLogCallback] [General] Addon 'lib_rotate' does not have customized config available. Copying default config over to 'lua_config/lib_rotate_config.json', check it out to customize the addon if needed.
[02:12:12:417][0x854c21c0] [Info ] [void NativeLogCallback] [General] Addon 'sms_rotate' does not have customized config available. Copying default config over to 'lua_config/sms_rotate_config.json', check it out to customize the addon if needed.
[02:12:12:417][0x854c21c0] [Info ] [void NativeLogCallback] [General] Loading LuaApi addon 'sms_motd'...
[02:12:12:417][0x854c21c0] [Info ] [void NativeLogCallback] [General] Addon 'sms_motd' does not have customized config available. Copying default config over to 'lua_config/sms_motd_config.json', check it out to customize the addon if needed.
[02:12:12:418][0x854c21c0] [Info ] [void NativeLogCallback] [General] Loading LuaApi addon 'sms_stats'...
[02:12:12:418][0x854c21c0] [Info ] [void NativeLogCallback] [General] Addon 'sms_stats' does not have customized config available. Copying default config over to 'lua_config/sms_stats_config.json', check it out to customize the addon if needed.
[02:12:12:419][0x854c21c0] [Info ] [void NativeLogCallback] [General] LuaApi started
[02:12:12:419][0x854c21c0] [Info ] [void NativeLogCallback] [General] Dedicated server is starting...
[02:12:12:419][0x854c21c0] [Info ] [void NativeLogCallback] [General] Saving persistent data for addon 'sms_stats' into 'lua_config/sms_stats_data.json'
[02:12:13:275][0x854c21c0] [Info ] [void NativeLogCallback] [General] Connection to Steam established
[02:12:13:275][0x854c21c0] [Info ] [void NativeLogCallback] [General] Received public IP 3.19.223.225
[02:12:13:426][0x854c21c0] [Info ] [void NativeLogCallback] [General] Server logged in with Steam id 90131710176534528 ; server is secure
[02:12:13:426][0x854c21c0] [Info ] [void NativeLogCallback] [General] Server startup finished: AppId 378860, public IP 3.19.223.225, Steam id 90131710176534528 ; switching to running state
[02:16:34:070][0x854c21c0] [Info ] [void NativeLogCallback] [General] Shutting down
[02:16:34:147][0x854c21c0] [Info ] [BLogBase::Term] [Internal] Terminating Log
