//#########################################################

[Session][Log]            dbgsession/dbg 2020-01-12 @ 06.21.58/dedicatedserver.log

[Session][ID]             02f0-7e41-6195-ea54
[Session][Platform]       Linux
[Session][Config]         Release
[Session][Exe]            ./DedicatedServerCmd.elf
[Session][ExeBit]         64
[Session][Date]           12/01/2020
[Session][Time]           06:21:58

[Session][Exe Built]      Unknown
[Session][Machine]        Unknown
[Session][GCC Version]    4.8.2
[Session][Toolset]        x86_64-pc-linux-gnu.GCC.4.8.2
[Session][Title]          

[Session][BuildVer]       
[Session][BuildVerInt]    0
[Session][BuildVerUnmod]  
[Session][BuildVerSimple] 
[Session][BuildVerInject] 
[Session][BuildVerInjSim] 

[Session][BaseVer]        v1.5.946.0

//#########################################################

[06:21:58:599][0xcfbb01c0] [Info ] [BLogBase::Init] [Internal] Initialised Log
[06:21:58:606][0xcfbb01c0] [Info ] [void NativeLogCallback] [General] Starting up the Dedicated Server Library.
[06:21:58:606][0xcfbb01c0] [Info ] [void NativeLogCallback] [General] Server configuration loaded:
- server build version: 1
- protocol version: 64 (1.0.0.64)
- server name: The GT Club - Fun and Competitive GT3 Racing
- max session size: 64
- details: secure, bind IP INADDR_ANY, Steam port 8766, host port 27015, query port 27016, password protected no
- whitelist size: 0
- blacklist size: 0
- lua api: enabled
- http api: enabled listening at 127.0.0.1:9000, 1 extra header(s) defined
- allow empty join: enabled
- game setup control: enabled
- sports play : disabled
[06:21:58:653][0xcfbb01c0] [Info ] [void NativeLogCallback] [General] HttpApi started
[06:21:58:663][0xcfbb01c0] [Info ] [void NativeLogCallback] [General] Loading LuaApi addon 'sms_base'...
[06:21:58:663][0xcfbb01c0] [Info ] [void NativeLogCallback] [General] Loading LuaApi addon 'sms_rotate'...
[06:21:58:663][0xcfbb01c0] [Info ] [void NativeLogCallback] [General] Loading LuaApi addon 'lib_rotate'...
[06:21:58:664][0xcfbb01c0] [Info ] [void NativeLogCallback] [General] Loading LuaApi addon 'sms_motd'...
[06:21:58:664][0xcfbb01c0] [Info ] [void NativeLogCallback] [General] Loading LuaApi addon 'sms_stats'...
[06:21:58:669][0xcfbb01c0] [Info ] [void NativeLogCallback] [General] LuaApi started
[06:21:58:670][0xcfbb01c0] [Info ] [void NativeLogCallback] [General] Dedicated server is starting...
[06:21:59:172][0xcfbb01c0] [Info ] [void NativeLogCallback] [General] Connection to Steam established
[06:21:59:173][0xcfbb01c0] [Info ] [void NativeLogCallback] [General] Received public IP 3.19.223.225
[06:21:59:323][0xcfbb01c0] [Info ] [void NativeLogCallback] [General] Server logged in with Steam id 90131826639996936 ; server is secure
[06:21:59:323][0xcfbb01c0] [Info ] [void NativeLogCallback] [General] Server startup finished: AppId 378860, public IP 3.19.223.225, Steam id 90131826639996936 ; switching to running state
[06:21:59:324][0xcfbb01c0] [Info ] [void NativeLogCallback] [General] Saving persistent data for addon 'sms_rotate' into 'lua_config/sms_rotate_data.json'
[06:22:07:750][0xcfbb01c0] [Info ] [void NativeLogCallback] [General] Shutting down
[06:22:07:828][0xcfbb01c0] [Info ] [BLogBase::Term] [Internal] Terminating Log
