//#########################################################

[Session][Log]            dbgsession/dbg 2020-01-07 @ 05.17.38/dedicatedserver.log

[Session][ID]             02f0-7e41-3951-98f4
[Session][Platform]       Linux
[Session][Config]         Release
[Session][Exe]            ./DedicatedServerCmd.elf
[Session][ExeBit]         64
[Session][Date]           07/01/2020
[Session][Time]           05:17:38

[Session][Exe Built]      Unknown
[Session][Machine]        Unknown
[Session][GCC Version]    4.8.2
[Session][Toolset]        x86_64-pc-linux-gnu.GCC.4.8.2
[Session][Title]          

[Session][BuildVer]       
[Session][BuildVerInt]    0
[Session][BuildVerUnmod]  
[Session][BuildVerSimple] 
[Session][BuildVerInject] 
[Session][BuildVerInjSim] 

[Session][BaseVer]        v1.5.946.0

//#########################################################

[05:17:38:246][0xc5ef51c0] [Info ] [BLogBase::Init] [Internal] Initialised Log
[05:17:38:254][0xc5ef51c0] [Info ] [void NativeLogCallback] [General] Starting up the Dedicated Server Library.
[05:17:38:254][0xc5ef51c0] [Info ] [void NativeLogCallback] [General] Server configuration loaded:
- server build version: 1
- protocol version: 64 (1.0.0.64)
- server name: The GT Club - Fun and Competitive GT3 Racing
- max session size: 64
- details: secure, bind IP INADDR_ANY, Steam port 8766, host port 27015, query port 27016, password protected no
- whitelist size: 0
- blacklist size: 0
- lua api: enabled
- http api: enabled listening at 127.0.0.1:9000, 1 extra header(s) defined
- allow empty join: enabled
- game setup control: enabled
- sports play : disabled
[05:17:38:301][0xc5ef51c0] [Info ] [void NativeLogCallback] [General] HttpApi started
[05:17:38:311][0xc5ef51c0] [Info ] [void NativeLogCallback] [General] Loading LuaApi addon 'sms_base'...
[05:17:38:312][0xc5ef51c0] [Info ] [void NativeLogCallback] [General] Loading LuaApi addon 'sms_rotate'...
[05:17:38:312][0xc5ef51c0] [Info ] [void NativeLogCallback] [General] Loading LuaApi addon 'lib_rotate'...
[05:17:38:313][0xc5ef51c0] [Info ] [void NativeLogCallback] [General] Loading LuaApi addon 'sms_motd'...
[05:17:38:313][0xc5ef51c0] [Info ] [void NativeLogCallback] [General] Loading LuaApi addon 'sms_stats'...
[05:17:38:316][0xc5ef51c0] [Info ] [void NativeLogCallback] [General] LuaApi started
[05:17:38:316][0xc5ef51c0] [Info ] [void NativeLogCallback] [General] Dedicated server is starting...
[05:17:38:920][0xc5ef51c0] [Info ] [void NativeLogCallback] [General] Connection to Steam established
[05:17:38:920][0xc5ef51c0] [Info ] [void NativeLogCallback] [General] Received public IP 3.19.223.225
[05:17:39:071][0xc5ef51c0] [Info ] [void NativeLogCallback] [General] Server logged in with Steam id 90131712773710848 ; server is secure
[05:17:39:071][0xc5ef51c0] [Info ] [void NativeLogCallback] [General] Server startup finished: AppId 378860, public IP 3.19.223.225, Steam id 90131712773710848 ; switching to running state
[05:17:39:071][0xc5ef51c0] [Info ] [void NativeLogCallback] [General] Saving persistent data for addon 'sms_rotate' into 'lua_config/sms_rotate_data.json'
[05:17:57:876][0xc5ef51c0] [Info ] [void NativeLogCallback] [General] Shutting down
[05:17:57:975][0xc5ef51c0] [Info ] [BLogBase::Term] [Internal] Terminating Log
