//#########################################################

[Session][Log]            dbgsession/dbg 2020-01-07 @ 02.20.31/dedicatedserver.log

[Session][ID]             02f0-7e41-3894-7e39
[Session][Platform]       Linux
[Session][Config]         Release
[Session][Exe]            ./DedicatedServerCmd.elf
[Session][ExeBit]         64
[Session][Date]           07/01/2020
[Session][Time]           02:20:31

[Session][Exe Built]      Unknown
[Session][Machine]        Unknown
[Session][GCC Version]    4.8.2
[Session][Toolset]        x86_64-pc-linux-gnu.GCC.4.8.2
[Session][Title]          

[Session][BuildVer]       
[Session][BuildVerInt]    0
[Session][BuildVerUnmod]  
[Session][BuildVerSimple] 
[Session][BuildVerInject] 
[Session][BuildVerInjSim] 

[Session][BaseVer]        v1.5.946.0

//#########################################################

[02:20:31:572][0x8f8a11c0] [Info ] [BLogBase::Init] [Internal] Initialised Log
[02:20:31:577][0x8f8a11c0] [Info ] [void NativeLogCallback] [General] Starting up the Dedicated Server Library.
[02:20:31:578][0x8f8a11c0] [Info ] [void NativeLogCallback] [General] Server configuration loaded:
- server build version: 1
- protocol version: 64 (1.0.0.64)
- server name: EEEEEEEEEEEEEEEEEEEEEEEEEEEEE
- max session size: 64
- details: secure, bind IP INADDR_ANY, Steam port 8766, host port 27015, query port 27016, password protected no
- whitelist size: 0
- blacklist size: 0
- lua api: enabled
- http api: enabled listening at 127.0.0.1:9000, 1 extra header(s) defined
- allow empty join: enabled
- game setup control: disabled
- sports play : disabled
[02:20:31:625][0x8f8a11c0] [Info ] [void NativeLogCallback] [General] HttpApi started
[02:20:31:635][0x8f8a11c0] [Info ] [void NativeLogCallback] [General] Loading LuaApi addon 'sms_base'...
[02:20:31:636][0x8f8a11c0] [Info ] [void NativeLogCallback] [General] Loading LuaApi addon 'sms_rotate'...
[02:20:31:637][0x8f8a11c0] [Info ] [void NativeLogCallback] [General] Loading LuaApi addon 'lib_rotate'...
[02:20:31:637][0x8f8a11c0] [Info ] [void NativeLogCallback] [General] Loading LuaApi addon 'sms_motd'...
[02:20:31:638][0x8f8a11c0] [Info ] [void NativeLogCallback] [General] Loading LuaApi addon 'sms_stats'...
[02:20:31:639][0x8f8a11c0] [Info ] [void NativeLogCallback] [General] LuaApi started
[02:20:31:639][0x8f8a11c0] [Info ] [void NativeLogCallback] [General] Dedicated server is starting...
[02:20:31:639][0x8f8a11c0] [Info ] [void NativeLogCallback] [General] Saving persistent data for addon 'sms_stats' into 'lua_config/sms_stats_data.json'
[02:20:32:545][0x8f8a11c0] [Info ] [void NativeLogCallback] [General] Connection to Steam established
[02:20:32:545][0x8f8a11c0] [Info ] [void NativeLogCallback] [General] Received public IP 3.19.223.225
[02:20:32:746][0x8f8a11c0] [Info ] [void NativeLogCallback] [General] Server logged in with Steam id 90131710243715076 ; server is secure
[02:20:32:746][0x8f8a11c0] [Info ] [void NativeLogCallback] [General] Server startup finished: AppId 378860, public IP 3.19.223.225, Steam id 90131710243715076 ; switching to running state
[02:21:29:703][0x8f8a11c0] [Info ] [void NativeLogCallback] [General] Shutting down
[02:21:29:803][0x8f8a11c0] [Info ] [BLogBase::Term] [Internal] Terminating Log
