//#########################################################

[Session][Log]            dbgsession/dbg 2020-01-08 @ 03.12.44/dedicatedserver.log

[Session][ID]             02f0-7e41-40cc-b307
[Session][Platform]       Linux
[Session][Config]         Release
[Session][Exe]            ./DedicatedServerCmd.elf
[Session][ExeBit]         64
[Session][Date]           08/01/2020
[Session][Time]           03:12:44

[Session][Exe Built]      Unknown
[Session][Machine]        Unknown
[Session][GCC Version]    4.8.2
[Session][Toolset]        x86_64-pc-linux-gnu.GCC.4.8.2
[Session][Title]          

[Session][BuildVer]       
[Session][BuildVerInt]    0
[Session][BuildVerUnmod]  
[Session][BuildVerSimple] 
[Session][BuildVerInject] 
[Session][BuildVerInjSim] 

[Session][BaseVer]        v1.5.946.0

//#########################################################

[03:12:44:778][0x51de41c0] [Info ] [BLogBase::Init] [Internal] Initialised Log
[03:12:44:782][0x51de41c0] [Info ] [void NativeLogCallback] [General] Starting up the Dedicated Server Library.
[03:12:44:782][0x51de41c0] [Info ] [void NativeLogCallback] [General] Server configuration loaded:
- server build version: 1
- protocol version: 64 (1.0.0.64)
- server name: The GT Club - Fun and Competitive GT3 Racing
- max session size: 64
- details: secure, bind IP INADDR_ANY, Steam port 8766, host port 27015, query port 27016, password protected no
- whitelist size: 0
- blacklist size: 0
- lua api: enabled
- http api: enabled listening at 127.0.0.1:9000, 1 extra header(s) defined
- allow empty join: enabled
- game setup control: enabled
- sports play : disabled
[03:12:44:829][0x51de41c0] [Info ] [void NativeLogCallback] [General] HttpApi started
[03:12:44:839][0x51de41c0] [Info ] [void NativeLogCallback] [General] Loading LuaApi addon 'sms_base'...
[03:12:44:840][0x51de41c0] [Info ] [void NativeLogCallback] [General] Loading LuaApi addon 'sms_rotate'...
[03:12:44:840][0x51de41c0] [Info ] [void NativeLogCallback] [General] Loading LuaApi addon 'lib_rotate'...
[03:12:44:841][0x51de41c0] [Info ] [void NativeLogCallback] [General] Loading LuaApi addon 'sms_motd'...
[03:12:44:841][0x51de41c0] [Info ] [void NativeLogCallback] [General] Loading LuaApi addon 'sms_stats'...
[03:12:44:845][0x51de41c0] [Info ] [void NativeLogCallback] [General] LuaApi started
[03:12:44:845][0x51de41c0] [Info ] [void NativeLogCallback] [General] Dedicated server is starting...
[03:12:45:398][0x51de41c0] [Info ] [void NativeLogCallback] [General] Connection to Steam established
[03:12:45:399][0x51de41c0] [Info ] [void NativeLogCallback] [General] Received public IP 3.19.223.225
[03:12:45:549][0x51de41c0] [Info ] [void NativeLogCallback] [General] Server logged in with Steam id 90131733597897728 ; server is secure
[03:12:45:550][0x51de41c0] [Info ] [void NativeLogCallback] [General] Server startup finished: AppId 378860, public IP 3.19.223.225, Steam id 90131733597897728 ; switching to running state
[03:12:45:550][0x51de41c0] [Info ] [void NativeLogCallback] [General] Saving persistent data for addon 'sms_rotate' into 'lua_config/sms_rotate_data.json'
[03:12:55:151][0x51de41c0] [Info ] [void NativeLogCallback] [General] Received connection from Steam ID 76561198011172579
[03:12:58:972][0x51de41c0] [Info ] [void NativeLogCallback] [General] Received request from 76561198011172579: allocate the server as user 76561198011172579, name dabes, size 24, password 
[03:12:58:972][0x51de41c0] [Info ] [void NativeLogCallback] [General] Starting auth of new session member 76561198011172579 (dabes)
[03:12:58:973][0x51de41c0] [Info ] [void NativeLogCallback] [General] User 76561198011172579 has allocated the server for game with max 24 members. The session is joinable
[03:12:59:229][0x51de41c0] [Info ] [void NativeLogCallback] [General] Joined and authenticated user 76561198011172579 (dabes) at index 0, refId 2432, admin 1
[03:12:59:230][0x51de41c0] [Info ] [void NativeLogCallback] [General] Sending TimeSync start notification to user 76561198011172579, allocated timesync slot 0
[03:12:59:261][0x51de41c0] [Info ] [void NativeLogCallback] [General] Received request from 76561198011172579: change joinable flag to 1
[03:12:59:261][0x51de41c0] [Info ] [void NativeLogCallback] [General] Joinable flag changed to 'true'
[03:12:59:549][0x51de41c0] [Info ] [void NativeLogCallback] [General] Saving persistent data for addon 'sms_stats' into 'lua_config/sms_stats_data.json'
[03:13:01:344][0x51de41c0] [Info ] [void NativeLogCallback] [General] User 76561198011172579 completed timesync. Prev RTT was 0, is now 30. RTT Confidence was 0.500000, is now 0.500000
[03:13:01:344][0x51de41c0] [Info ] [void NativeLogCallback] [General] User 76561198011172579 first timesync start time scheduled for 2 seconds from now
[03:13:03:350][0x51de41c0] [Info ] [void NativeLogCallback] [General] Sending TimeSync start notification to user 76561198011172579, allocated timesync slot 0
[03:13:05:467][0x51de41c0] [Info ] [void NativeLogCallback] [General] User 76561198011172579 completed timesync. Prev RTT was 30, is now 30. RTT Confidence was 0.500000, is now 0.550000
[03:13:05:467][0x51de41c0] [Info ] [void NativeLogCallback] [General] User 76561198011172579 with lastRTT 30 and RTT confidence 0.550000 calculated next timesync start time scheduled for 39 seconds from now (defaultNextSync 40 rttBonus 32)
[03:13:38:453][0x51de41c0] [Info ] [void NativeLogCallback] [General] Shutting down
[03:13:38:456][0x51de41c0] [Info ] [void NativeLogCallback] [General] Removing user 76561198011172579 (dabes) at index 0, refId 2432, admin 1 - with reason 0
