//#########################################################

[Session][Log]            dbgsession/dbg 2020-01-07 @ 03.18.56/dedicatedserver.log

[Session][ID]             02f0-7e41-38d2-e37f
[Session][Platform]       Linux
[Session][Config]         Release
[Session][Exe]            ./DedicatedServerCmd.elf
[Session][ExeBit]         64
[Session][Date]           07/01/2020
[Session][Time]           03:18:56

[Session][Exe Built]      Unknown
[Session][Machine]        Unknown
[Session][GCC Version]    4.8.2
[Session][Toolset]        x86_64-pc-linux-gnu.GCC.4.8.2
[Session][Title]          

[Session][BuildVer]       
[Session][BuildVerInt]    0
[Session][BuildVerUnmod]  
[Session][BuildVerSimple] 
[Session][BuildVerInject] 
[Session][BuildVerInjSim] 

[Session][BaseVer]        v1.5.946.0

//#########################################################

[03:18:56:898][0x7ad871c0] [Info ] [BLogBase::Init] [Internal] Initialised Log
[03:18:56:901][0x7ad871c0] [Info ] [void NativeLogCallback] [General] Starting up the Dedicated Server Library.
[03:18:56:902][0x7ad871c0] [Info ] [void NativeLogCallback] [General] Server configuration loaded:
- server build version: 1
- protocol version: 64 (1.0.0.64)
- server name: fuckingshit
- max session size: 30
- details: secure, bind IP INADDR_ANY, Steam port 8766, host port 27015, query port 27016, password protected no
- whitelist size: 0
- blacklist size: 0
- lua api: enabled
- http api: enabled listening at 127.0.0.1:9000, 1 extra header(s) defined
- allow empty join: enabled
- game setup control: enabled
- sports play : disabled
[03:18:56:938][0x7ad871c0] [Info ] [void NativeLogCallback] [General] HttpApi started
[03:18:56:948][0x7ad871c0] [Info ] [void NativeLogCallback] [General] Loading LuaApi addon 'sms_base'...
[03:18:56:950][0x7ad871c0] [Info ] [void NativeLogCallback] [General] Loading LuaApi addon 'sms_rotate'...
[03:18:56:950][0x7ad871c0] [ERROR] [void NativeLogCallback] [General] Skipping addon 'sms_rotate' because its dependency 'lib_rotate' is not white listed on the server.
[03:18:56:950][0x7ad871c0] [Info ] [void NativeLogCallback] [General] Loading LuaApi addon 'sms_motd'...
[03:18:56:950][0x7ad871c0] [Info ] [void NativeLogCallback] [General] Loading LuaApi addon 'sms_stats'...
[03:18:56:951][0x7ad871c0] [Info ] [void NativeLogCallback] [General] LuaApi started
[03:18:56:951][0x7ad871c0] [Info ] [void NativeLogCallback] [General] Dedicated server is starting...
[03:18:56:952][0x7ad871c0] [Info ] [void NativeLogCallback] [General] Saving persistent data for addon 'sms_stats' into 'lua_config/sms_stats_data.json'
[03:18:57:953][0x7ad871c0] [Info ] [void NativeLogCallback] [General] Connection to Steam established
[03:18:57:953][0x7ad871c0] [Info ] [void NativeLogCallback] [General] Received public IP 3.19.223.225
[03:18:58:204][0x7ad871c0] [Info ] [void NativeLogCallback] [General] Server logged in with Steam id 90131711296577544 ; server is secure
[03:18:58:204][0x7ad871c0] [Info ] [void NativeLogCallback] [General] Server startup finished: AppId 378860, public IP 3.19.223.225, Steam id 90131711296577544 ; switching to running state
[03:19:38:090][0x7ad871c0] [Info ] [void NativeLogCallback] [General] Shutting down
[03:19:38:167][0x7ad871c0] [Info ] [BLogBase::Term] [Internal] Terminating Log
