//#########################################################

[Session][Log]            dbgsession/dbg 2020-01-07 @ 02.17.24/dedicatedserver.log

[Session][ID]             02f0-7e41-3891-6320
[Session][Platform]       Linux
[Session][Config]         Release
[Session][Exe]            ./DedicatedServerCmd.elf
[Session][ExeBit]         64
[Session][Date]           07/01/2020
[Session][Time]           02:17:24

[Session][Exe Built]      Unknown
[Session][Machine]        Unknown
[Session][GCC Version]    4.8.2
[Session][Toolset]        x86_64-pc-linux-gnu.GCC.4.8.2
[Session][Title]          

[Session][BuildVer]       
[Session][BuildVerInt]    0
[Session][BuildVerUnmod]  
[Session][BuildVerSimple] 
[Session][BuildVerInject] 
[Session][BuildVerInjSim] 

[Session][BaseVer]        v1.5.946.0

//#########################################################

[02:17:24:803][0x9e1901c0] [Info ] [BLogBase::Init] [Internal] Initialised Log
[02:17:24:809][0x9e1901c0] [Info ] [void NativeLogCallback] [General] Starting up the Dedicated Server Library.
[02:17:24:810][0x9e1901c0] [Info ] [void NativeLogCallback] [General] Server configuration loaded:
- server build version: 1
- protocol version: 64 (1.0.0.64)
- server name: TESTING DABBER REEEEEEEEEEEEEEEEEEE
- max session size: 64
- details: secure, bind IP INADDR_ANY, Steam port 8766, host port 27015, query port 27016, password protected no
- whitelist size: 0
- blacklist size: 0
- lua api: enabled
- http api: enabled listening at 127.0.0.1:9000, 1 extra header(s) defined
- allow empty join: enabled
- game setup control: disabled
- sports play : disabled
[02:17:24:858][0x9e1901c0] [Info ] [void NativeLogCallback] [General] HttpApi started
[02:17:24:868][0x9e1901c0] [Info ] [void NativeLogCallback] [General] Loading LuaApi addon 'sms_base'...
[02:17:24:869][0x9e1901c0] [Info ] [void NativeLogCallback] [General] Loading LuaApi addon 'sms_rotate'...
[02:17:24:869][0x9e1901c0] [Info ] [void NativeLogCallback] [General] Loading LuaApi addon 'lib_rotate'...
[02:17:24:869][0x9e1901c0] [Info ] [void NativeLogCallback] [General] Loading LuaApi addon 'sms_motd'...
[02:17:24:870][0x9e1901c0] [Info ] [void NativeLogCallback] [General] Loading LuaApi addon 'sms_stats'...
[02:17:24:871][0x9e1901c0] [Info ] [void NativeLogCallback] [General] LuaApi started
[02:17:24:871][0x9e1901c0] [Info ] [void NativeLogCallback] [General] Dedicated server is starting...
[02:17:25:626][0x9e1901c0] [Info ] [void NativeLogCallback] [General] Connection to Steam established
[02:17:25:626][0x9e1901c0] [Info ] [void NativeLogCallback] [General] Received public IP 3.19.223.225
[02:17:25:827][0x9e1901c0] [Info ] [void NativeLogCallback] [General] Server logged in with Steam id 90131710242000900 ; server is secure
[02:17:25:827][0x9e1901c0] [Info ] [void NativeLogCallback] [General] Server startup finished: AppId 378860, public IP 3.19.223.225, Steam id 90131710242000900 ; switching to running state
[02:18:06:112][0x9e1901c0] [Info ] [void NativeLogCallback] [General] Shutting down
[02:18:06:210][0x9e1901c0] [Info ] [BLogBase::Term] [Internal] Terminating Log
