//#########################################################

[Session][Log]            dbgsession/dbg 2020-01-07 @ 03.41.21/dedicatedserver.log

[Session][ID]             02f0-7e41-38e9-570c
[Session][Platform]       Linux
[Session][Config]         Release
[Session][Exe]            ./DedicatedServerCmd.elf
[Session][ExeBit]         64
[Session][Date]           07/01/2020
[Session][Time]           03:41:21

[Session][Exe Built]      Unknown
[Session][Machine]        Unknown
[Session][GCC Version]    4.8.2
[Session][Toolset]        x86_64-pc-linux-gnu.GCC.4.8.2
[Session][Title]          

[Session][BuildVer]       
[Session][BuildVerInt]    0
[Session][BuildVerUnmod]  
[Session][BuildVerSimple] 
[Session][BuildVerInject] 
[Session][BuildVerInjSim] 

[Session][BaseVer]        v1.5.946.0

//#########################################################

[03:41:21:783][0xf4a261c0] [Info ] [BLogBase::Init] [Internal] Initialised Log
[03:41:21:790][0xf4a261c0] [Info ] [void NativeLogCallback] [General] Starting up the Dedicated Server Library.
[03:41:21:790][0xf4a261c0] [Info ] [void NativeLogCallback] [General] Server configuration loaded:
- server build version: 1
- protocol version: 64 (1.0.0.64)
- server name: Clean Track Day Any Class
- max session size: 64
- details: secure, bind IP INADDR_ANY, Steam port 8766, host port 27015, query port 27016, password protected no
- whitelist size: 0
- blacklist size: 0
- lua api: enabled
- http api: disabled
- allow empty join: enabled
- game setup control: disabled
- sports play : disabled
[03:41:21:836][0xf4a261c0] [Info ] [void NativeLogCallback] [General] HttpApi disabled
[03:41:21:846][0xf4a261c0] [Info ] [void NativeLogCallback] [General] Loading LuaApi addon 'sms_base'...
[03:41:21:847][0xf4a261c0] [Info ] [void NativeLogCallback] [General] Loading LuaApi addon 'sms_rotate'...
[03:41:21:847][0xf4a261c0] [ERROR] [void NativeLogCallback] [General] Skipping addon 'sms_rotate' because its dependency 'lib_rotate' is not white listed on the server.
[03:41:21:848][0xf4a261c0] [Info ] [void NativeLogCallback] [General] Loading LuaApi addon 'sms_motd'...
[03:41:21:848][0xf4a261c0] [Info ] [void NativeLogCallback] [General] Loading LuaApi addon 'sms_stats'...
[03:41:21:849][0xf4a261c0] [Info ] [void NativeLogCallback] [General] LuaApi started
[03:41:21:849][0xf4a261c0] [Info ] [void NativeLogCallback] [General] Dedicated server is starting...
[03:41:21:849][0xf4a261c0] [Info ] [void NativeLogCallback] [General] Saving persistent data for addon 'sms_stats' into 'lua_config/sms_stats_data.json'
[03:41:22:852][0xf4a261c0] [Info ] [void NativeLogCallback] [General] Connection to Steam established
[03:41:22:852][0xf4a261c0] [Info ] [void NativeLogCallback] [General] Received public IP 3.19.223.225
[03:41:23:103][0xf4a261c0] [Info ] [void NativeLogCallback] [General] Server logged in with Steam id 90131711442094080 ; server is secure
[03:41:23:103][0xf4a261c0] [Info ] [void NativeLogCallback] [General] Server startup finished: AppId 378860, public IP 3.19.223.225, Steam id 90131711442094080 ; switching to running state
[03:41:43:546][0xf4a261c0] [Info ] [void NativeLogCallback] [General] Shutting down
[03:41:43:637][0xf4a261c0] [Info ] [BLogBase::Term] [Internal] Terminating Log
